#
# A fatal error has been detected by the Java Runtime Environment:
#
#  SIGSEGV (0xb) at pc=0x000010010ae708a0, pid=951, tid=33539
#
# JRE version: Java(TM) SE Runtime Environment (8.0_31-b13) (build 1.8.0_31-b13)
# Java VM: Java HotSpot(TM) 64-Bit Server VM (25.31-b07 mixed mode bsd-amd64 compressed oops)
# Problematic frame:
# C  0x000010010ae708a0
#
# Failed to write core dump. Core dumps have been disabled. To enable core dumping, try "ulimit -c unlimited" before starting Java again
#
# If you would like to submit a bug report, please visit:
#   http://bugreport.java.com/bugreport/crash.jsp
#

---------------  T H R E A D  ---------------

Current thread (0x00007fa17c9eb800):  JavaThread "play-internal-execution-context-1" daemon [_thread_in_Java, id=33539, stack(0x0000000123d31000,0x0000000123e31000)]

siginfo: si_signo: 11 (SIGSEGV), si_code: 1 (SEGV_MAPERR), si_addr: 0x000010010ae708a0

Registers:
RAX=0x00000007c0c828f0, RBX=0x00000001258142a8, RCX=0x00000007b2e4c920, RDX=0x0000000000000000
RSP=0x0000000123e2fb90, RBP=0x0000000123e2fbf8, RSI=0x00000000f8193caa, RDI=0x00000007c00016d0
R8 =0x00000007b26900d8, R9 =0x00000007833172f0, R10=0x000000010a69f4d0, R11=0x0000000000000007
R12=0x0000000000000000, R13=0x0000000123e2fb98, R14=0x0000000000000000, R15=0x00007fa17c9eb800
RIP=0x000010010ae708a0, EFLAGS=0x0000000000010246, ERR=0x0000000000000014
  TRAPNO=0x000000000000000e

Top of Stack: (sp=0x0000000123e2fb90)
0x0000000123e2fb90:   000000010ae66160 00000007b2e4c920
0x0000000123e2fba0:   00000007b30ad718 00000007b30ad718
0x0000000123e2fbb0:   00000007b30ad4f8 0000000123e2fbb8
0x0000000123e2fbc0:   0000000125a02282 0000000123e2fc10
0x0000000123e2fbd0:   0000000125a087e0 0000000000000000
0x0000000123e2fbe0:   0000000125a02388 0000000123e2fb98
0x0000000123e2fbf0:   0000000123e2fc08 0000000123e2fc68
0x0000000123e2fc00:   000000010ae6698d 00000007b2e4e818
0x0000000123e2fc10:   00000007b30ad4f8 00000007b30ad4f8
0x0000000123e2fc20:   00000007b2e4e818 0000000123e2fc28
0x0000000123e2fc30:   000000012595bc5a 0000000123e2fcb8
0x0000000123e2fc40:   0000000125962588 0000000000000000
0x0000000123e2fc50:   000000012595bda0 0000000123e2fc08
0x0000000123e2fc60:   0000000123e2fc80 0000000123e2fd18
0x0000000123e2fc70:   000000010ae6698d 0000000000000000
0x0000000123e2fc80:   0000000000000000 00000007b2e313e0
0x0000000123e2fc90:   00000007b26903f8 00000007b2e4e510
0x0000000123e2fca0:   00000007b2e4db80 00000007831a4978
0x0000000123e2fcb0:   00000007831a4898 00000007b2e4e818
0x0000000123e2fcc0:   00000007b2e4e818 00000007831b8968
0x0000000123e2fcd0:   00000007831b8968 0000000123e2fcc8
0x0000000123e2fce0:   00000001259247bb 0000000123e2fdb8
0x0000000123e2fcf0:   000000012592bdb0 0000000000000000
0x0000000123e2fd00:   0000000125924988 0000000123e2fc80
0x0000000123e2fd10:   0000000123e2fdb0 0000000123e2fe00
0x0000000123e2fd20:   000000010ae66710 0000000000000000
0x0000000123e2fd30:   0000000000000000 0000000000000000
0x0000000123e2fd40:   0000000000000000 0000000000000000
0x0000000123e2fd50:   0000000000000000 0000000000000000
0x0000000123e2fd60:   0000000000000000 0000000000000000
0x0000000123e2fd70:   00000007b2e4e510 0000000000000003
0x0000000123e2fd80:   00000007b2e4db80 0000000000000000 

Instructions: (pc=0x000010010ae708a0)
0x000010010ae70880:   
[error occurred during error reporting (printing registers, top of stack, instructions near pc), id 0xb]

Register to memory mapping:

RAX=0x00000007c0c828f0 is pointing into metadata
RBX={method} {0x00000001258142a8} 'isIdInExpandedForm' '()Z' in 'com/avaje/ebean/config/dbplatform/DatabasePlatform'
RCX=0x00000007b2e4c920 is an oop
com.avaje.ebean.config.dbplatform.MySqlPlatform 
 - klass: 'com/avaje/ebean/config/dbplatform/MySqlPlatform'
RDX=0x0000000000000000 is an unknown value
RSP=0x0000000123e2fb90 is pointing into the stack for thread: 0x00007fa17c9eb800
RBP=0x0000000123e2fbf8 is pointing into the stack for thread: 0x00007fa17c9eb800
RSI=0x00000000f8193caa is an unknown value
RDI=0x00000007c00016d0 is pointing into metadata
R8 =0x00000007b26900d8 is an oop
[C 
 - klass: {type array char}
 - length: 7
R9 =0x00000007833172f0 is an oop
java.util.HashMap$Node 
 - klass: 'java/util/HashMap$Node'
R10=0x000000010a69f4d0: _ZN19TemplateInterpreter20_invoke_return_entryE+0 in /Library/Java/JavaVirtualMachines/jdk1.8.0_31.jdk/Contents/Home/jre/lib/server/libjvm.dylib at 0x0000000109e00000
R11=0x0000000000000007 is an unknown value
R12=0x0000000000000000 is an unknown value
R13=0x0000000123e2fb98 is pointing into the stack for thread: 0x00007fa17c9eb800
R14=0x0000000000000000 is an unknown value
R15=0x00007fa17c9eb800 is a thread


Stack: [0x0000000123d31000,0x0000000123e31000],  sp=0x0000000123e2fb90,  free space=1018k
Native frames: (J=compiled Java code, j=interpreted, Vv=VM code, C=native code)
C  0x000010010ae708a0
j  com.avaje.ebeaninternal.server.core.InternalConfiguration.<init>(Lcom/avaje/ebeaninternal/server/core/XmlConfig;Lcom/avaje/ebeaninternal/server/cluster/ClusterManager;Lcom/avaje/ebean/cache/ServerCacheManager;Lcom/avaje/ebeaninternal/api/SpiBackgroundExecutor;Lcom/avaje/ebean/config/ServerConfig;Lcom/avaje/ebeaninternal/server/core/BootupClasses;Lcom/avaje/ebeaninternal/server/core/PstmtBatch;)V+162
j  com.avaje.ebeaninternal.server.core.DefaultServerFactory.createServer(Lcom/avaje/ebean/config/ServerConfig;)Lcom/avaje/ebeaninternal/api/SpiEbeanServer;+187
j  com.avaje.ebeaninternal.server.core.DefaultServerFactory.createServer(Lcom/avaje/ebean/config/ServerConfig;)Lcom/avaje/ebean/EbeanServer;+2
j  com.avaje.ebean.EbeanServerFactory.create(Lcom/avaje/ebean/config/ServerConfig;)Lcom/avaje/ebean/EbeanServer;+21
j  play.db.ebean.EbeanPlugin.onStart()V+321
j  play.api.Play$$anonfun$start$1$$anonfun$apply$mcV$sp$1.apply(Lplay/api/Plugin;)V+1
j  play.api.Play$$anonfun$start$1$$anonfun$apply$mcV$sp$1.apply(Ljava/lang/Object;)Ljava/lang/Object;+5
j  scala.collection.immutable.List.foreach(Lscala/Function1;)V+15
j  play.api.Play$$anonfun$start$1.apply$mcV$sp()V+17
j  play.api.Play$$anonfun$start$1.apply()V+1
j  play.api.Play$$anonfun$start$1.apply()Ljava/lang/Object;+1
j  play.utils.Threads$.withContextClassLoader(Ljava/lang/ClassLoader;Lscala/Function0;)Ljava/lang/Object;+16
j  play.api.Play$.start(Lplay/api/Application;)V+32
j  play.core.ReloadableApplication$$anonfun$get$1$$anonfun$apply$1$$anonfun$1.apply(Ljava/lang/ClassLoader;)Lscala/util/Try;+81
j  play.core.ReloadableApplication$$anonfun$get$1$$anonfun$apply$1$$anonfun$1.apply(Ljava/lang/Object;)Ljava/lang/Object;+5
J 7171 C1 scala.Option.map(Lscala/Function1;)Lscala/Option; (31 bytes) @ 0x000000010bdca8cc [0x000000010bdca5c0+0x30c]
j  play.core.ReloadableApplication$$anonfun$get$1$$anonfun$apply$1.apply(Lscala/Option;)Lscala/util/Try;+9
j  play.core.ReloadableApplication$$anonfun$get$1$$anonfun$apply$1.apply(Ljava/lang/Object;)Ljava/lang/Object;+5
j  scala.util.Success.flatMap(Lscala/Function1;)Lscala/util/Try;+5
j  play.core.ReloadableApplication$$anonfun$get$1.apply()Lscala/util/Try;+128
j  play.core.ReloadableApplication$$anonfun$get$1.apply()Ljava/lang/Object;+1
j  scala.concurrent.impl.Future$PromiseCompletingRunnable.liftedTree1$1()Lscala/util/Try;+8
j  scala.concurrent.impl.Future$PromiseCompletingRunnable.run()V+5
j  scala.concurrent.forkjoin.ForkJoinTask$AdaptedRunnableAction.exec()Z+4
j  scala.concurrent.forkjoin.ForkJoinTask.doExec()I+10
J 7467 C1 scala.concurrent.forkjoin.ForkJoinPool$WorkQueue.runTask(Lscala/concurrent/forkjoin/ForkJoinTask;)V (60 bytes) @ 0x000000010b688064 [0x000000010b687f00+0x164]
j  scala.concurrent.forkjoin.ForkJoinPool.runWorker(Lscala/concurrent/forkjoin/ForkJoinPool$WorkQueue;)V+11
j  scala.concurrent.forkjoin.ForkJoinWorkerThread.run()V+14
v  ~StubRoutines::call_stub
V  [libjvm.dylib+0x2d4442]
V  [libjvm.dylib+0x2d4bd0]
V  [libjvm.dylib+0x2d4d7c]
V  [libjvm.dylib+0x32576f]
V  [libjvm.dylib+0x5360cf]
V  [libjvm.dylib+0x53780c]
V  [libjvm.dylib+0x45d772]
C  [libsystem_pthread.dylib+0x1899]  _pthread_body+0x8a
C  [libsystem_pthread.dylib+0x172a]  _pthread_struct_init+0x0
C  [libsystem_pthread.dylib+0x5fc9]  thread_start+0xd
C  0x0000000000000000


---------------  P R O C E S S  ---------------

Java Threads: ( => current thread )
  0x00007fa178cd0000 JavaThread "BoneCP-pool-watch-thread" daemon [_thread_blocked, id=35343, stack(0x000000012236f000,0x000000012246f000)]
  0x00007fa17b07c000 JavaThread "BoneCP-max-alive-scheduler" daemon [_thread_blocked, id=34067, stack(0x0000000121a1a000,0x0000000121b1a000)]
  0x00007fa17cd6f000 JavaThread "BoneCP-keep-alive-scheduler" daemon [_thread_blocked, id=36111, stack(0x0000000120dce000,0x0000000120ece000)]
  0x00007fa17d949800 JavaThread "process reaper" daemon [_thread_blocked, id=37135, stack(0x0000000121134000,0x000000012115c000)]
  0x00007fa17b7c9800 JavaThread "Timer-0" [_thread_blocked, id=40451, stack(0x000000012643e000,0x000000012653e000)]
  0x00007fa17b7bd800 JavaThread "play-akka.actor.default-dispatcher-2" [_thread_blocked, id=38915, stack(0x0000000125f35000,0x0000000126035000)]
  0x00007fa179fe6800 JavaThread "play-scheduler-1" [_thread_blocked, id=38407, stack(0x000000012552f000,0x000000012562f000)]
  0x00007fa1788a2800 JavaThread "Abandoned connection cleanup thread" daemon [_thread_blocked, id=13079, stack(0x0000000122131000,0x0000000122231000)]
=>0x00007fa17c9eb800 JavaThread "play-internal-execution-context-1" daemon [_thread_in_Java, id=33539, stack(0x0000000123d31000,0x0000000123e31000)]
  0x00007fa17d5b7000 JavaThread "New I/O server boss #9" [_thread_in_native, id=33027, stack(0x0000000123a2e000,0x0000000123b2e000)]
  0x00007fa17b224800 JavaThread "New I/O worker #8" [_thread_in_native, id=32515, stack(0x000000012392b000,0x0000000123a2b000)]
  0x00007fa17c3e6800 JavaThread "New I/O worker #7" [_thread_blocked, id=32003, stack(0x0000000123828000,0x0000000123928000)]
  0x00007fa17890f800 JavaThread "New I/O worker #6" [_thread_in_native, id=31491, stack(0x0000000123725000,0x0000000123825000)]
  0x00007fa178ff2800 JavaThread "New I/O worker #5" [_thread_in_native, id=30979, stack(0x0000000123622000,0x0000000123722000)]
  0x00007fa178ff2000 JavaThread "New I/O worker #4" [_thread_in_native, id=30467, stack(0x000000012351f000,0x000000012361f000)]
  0x00007fa1789c2800 JavaThread "New I/O worker #3" [_thread_in_native, id=29955, stack(0x000000012341c000,0x000000012351c000)]
  0x00007fa1789c1800 JavaThread "New I/O worker #2" [_thread_in_native, id=29443, stack(0x0000000123319000,0x0000000123419000)]
  0x00007fa17b52e000 JavaThread "New I/O worker #1" [_thread_in_native, id=28931, stack(0x0000000123216000,0x0000000123316000)]
  0x00007fa17d59c800 JavaThread "FSEvent thread" daemon [_thread_in_native, id=25091, stack(0x000000012226c000,0x000000012236c000)]
  0x00007fa178a98800 JavaThread "pool-4-thread-1" [_thread_in_native, id=22535, stack(0x00000001203f4000,0x00000001204f4000)]
  0x00007fa17c3ed800 JavaThread "sbt-web-akka.actor.default-dispatcher-4" [_thread_blocked, id=21519, stack(0x00000001224e5000,0x00000001225e5000)]
  0x00007fa178923800 JavaThread "sbt-web-scheduler-1" [_thread_blocked, id=22031, stack(0x0000000120c67000,0x0000000120d67000)]
  0x00007fa17901d800 JavaThread "Service Thread" daemon [_thread_blocked, id=19715, stack(0x000000011ee9d000,0x000000011ef9d000)]
  0x00007fa179825800 JavaThread "C1 CompilerThread2" daemon [_thread_blocked, id=19203, stack(0x000000011ed9a000,0x000000011ee9a000)]
  0x00007fa178854000 JavaThread "C2 CompilerThread1" daemon [_thread_blocked, id=18691, stack(0x000000011ec97000,0x000000011ed97000)]
  0x00007fa179020000 JavaThread "C2 CompilerThread0" daemon [_thread_blocked, id=18179, stack(0x000000011eb94000,0x000000011ec94000)]
  0x00007fa17a004800 JavaThread "Signal Dispatcher" daemon [_thread_blocked, id=17667, stack(0x000000011ea91000,0x000000011eb91000)]
  0x00007fa178810000 JavaThread "Finalizer" daemon [_thread_blocked, id=12547, stack(0x000000011e841000,0x000000011e941000)]
  0x00007fa179802000 JavaThread "Reference Handler" daemon [_thread_blocked, id=12035, stack(0x000000011e73e000,0x000000011e83e000)]
  0x00007fa17880d800 JavaThread "main" [_thread_blocked, id=3339, stack(0x000000010ad20000,0x000000010ae20000)]

Other Threads:
  0x00007fa17901c800 VMThread [stack: 0x000000011e63b000,0x000000011e73b000] [id=11523]
  0x00007fa179838000 WatcherThread [stack: 0x000000011efa0000,0x000000011f0a0000] [id=20227]

VM state:not at safepoint (normal execution)

VM Mutex/Monitor currently owned by a thread: None

Heap:
 PSYoungGen      total 265728K, used 137606K [0x00000007aab00000, 0x00000007c0000000, 0x00000007c0000000)
  eden space 181248K, 75% used [0x00000007aab00000,0x00000007b312d448,0x00000007b5c00000)
  from space 84480K, 0% used [0x00000007bad80000,0x00000007badb4700,0x00000007c0000000)
  to   space 83456K, 0% used [0x00000007b5c00000,0x00000007b5c00000,0x00000007bad80000)
 ParOldGen       total 699392K, used 336121K [0x0000000780000000, 0x00000007aab00000, 0x00000007aab00000)
  object space 699392K, 48% used [0x0000000780000000,0x000000079483e448,0x00000007aab00000)
 Metaspace       used 86131K, capacity 86976K, committed 87424K, reserved 1122304K
  class space    used 15134K, capacity 15448K, committed 15488K, reserved 1048576K

Card table byte_map: [0x000000011a21f000,0x000000011a420000] byte_map_base: 0x000000011661f000

Marking Bits: (ParMarkBitMap*) 0x000000010a69e410
 Begin Bits: [0x000000011a982000, 0x000000011b982000)
 End Bits:   [0x000000011b982000, 0x000000011c982000)

Polling page: 0x00000001095f5000

CodeCache: size=245760Kb used=19999Kb max_used=20014Kb free=225760Kb
 bounds [0x000000010ae5f000, 0x000000010c21f000, 0x0000000119e5f000]
 total_blobs=8186 nmethods=7592 adapters=506
 compilation: enabled

Compilation events (10 events):
Event: 575.999 Thread 0x00007fa179825800 9181       3       java.lang.Class::getAnnotation (22 bytes)
Event: 575.999 Thread 0x00007fa179825800 nmethod 9181 0x000000010c201450 code [0x000000010c201600, 0x000000010c201a88]
Event: 576.001 Thread 0x00007fa179825800 9182   !   3       sun.reflect.annotation.AnnotationParser::parseAnnotation2 (284 bytes)
Event: 576.004 Thread 0x00007fa179825800 nmethod 9182 0x000000010c203c10 code [0x000000010c203fe0, 0x000000010c205cb8]
Event: 576.004 Thread 0x00007fa179825800 9183       3       java.lang.Class::isAnnotation (17 bytes)
Event: 576.004 Thread 0x00007fa179825800 nmethod 9183 0x000000010bf53050 code [0x000000010bf531c0, 0x000000010bf53428]
Event: 576.004 Thread 0x00007fa179825800 9184       1       com.mysql.jdbc.ConnectionImpl::parserKnowsUnicode (5 bytes)
Event: 576.004 Thread 0x00007fa179825800 nmethod 9184 0x000000010c201190 code [0x000000010c2012e0, 0x000000010c2013f0]
Event: 576.016 Thread 0x00007fa178854000 nmethod 9164 0x000000010c20a190 code [0x000000010c20a520, 0x000000010c20c000]
Event: 576.018 Thread 0x00007fa179020000 nmethod 9171 0x000000010c20d850 code [0x000000010c20daa0, 0x000000010c20e9f0]

GC Heap History (10 events):
Event: 111.615 GC heap before
{Heap before GC invocations=21 (full 1):
 PSYoungGen      total 287744K, used 239552K [0x00000007aab00000, 0x00000007c0000000, 0x00000007c0000000)
  eden space 226816K, 100% used [0x00000007aab00000,0x00000007b8880000,0x00000007b8880000)
  from space 60928K, 20% used [0x00000007b8880000,0x00000007b94f0000,0x00000007bc400000)
  to   space 59392K, 0% used [0x00000007bc600000,0x00000007bc600000,0x00000007c0000000)
 ParOldGen       total 699392K, used 201868K [0x0000000780000000, 0x00000007aab00000, 0x00000007aab00000)
  object space 699392K, 28% used [0x0000000780000000,0x000000078c523258,0x00000007aab00000)
 Metaspace       used 81135K, capacity 81784K, committed 82176K, reserved 1116160K
  class space    used 14516K, capacity 14768K, committed 14848K, reserved 1048576K
Event: 111.859 GC heap after
Heap after GC invocations=21 (full 1):
 PSYoungGen      total 229376K, used 59363K [0x00000007aab00000, 0x00000007c0000000, 0x00000007c0000000)
  eden space 169984K, 0% used [0x00000007aab00000,0x00000007aab00000,0x00000007b5100000)
  from space 59392K, 99% used [0x00000007bc600000,0x00000007bfff8c40,0x00000007c0000000)
  to   space 89600K, 0% used [0x00000007b5100000,0x00000007b5100000,0x00000007ba880000)
 ParOldGen       total 699392K, used 257302K [0x0000000780000000, 0x00000007aab00000, 0x00000007aab00000)
  object space 699392K, 36% used [0x0000000780000000,0x000000078fb45a98,0x00000007aab00000)
 Metaspace       used 81135K, capacity 81784K, committed 82176K, reserved 1116160K
  class space    used 14516K, capacity 14768K, committed 14848K, reserved 1048576K
}
Event: 119.118 GC heap before
{Heap before GC invocations=22 (full 1):
 PSYoungGen      total 229376K, used 229347K [0x00000007aab00000, 0x00000007c0000000, 0x00000007c0000000)
  eden space 169984K, 100% used [0x00000007aab00000,0x00000007b5100000,0x00000007b5100000)
  from space 59392K, 99% used [0x00000007bc600000,0x00000007bfff8c40,0x00000007c0000000)
  to   space 89600K, 0% used [0x00000007b5100000,0x00000007b5100000,0x00000007ba880000)
 ParOldGen       total 699392K, used 257302K [0x0000000780000000, 0x00000007aab00000, 0x00000007aab00000)
  object space 699392K, 36% used [0x0000000780000000,0x000000078fb45a98,0x00000007aab00000)
 Metaspace       used 84694K, capacity 85444K, committed 86016K, reserved 1120256K
  class space    used 14974K, capacity 15236K, committed 15360K, reserved 1048576K
Event: 119.318 GC heap after
Heap after GC invocations=22 (full 1):
 PSYoungGen      total 259584K, used 31815K [0x00000007aab00000, 0x00000007c0000000, 0x00000007c0000000)
  eden space 169984K, 0% used [0x00000007aab00000,0x00000007aab00000,0x00000007b5100000)
  from space 89600K, 35% used [0x00000007b5100000,0x00000007b7011fe8,0x00000007ba880000)
  to   space 83968K, 0% used [0x00000007bae00000,0x00000007bae00000,0x00000007c0000000)
 ParOldGen       total 699392K, used 305844K [0x0000000780000000, 0x00000007aab00000, 0x00000007aab00000)
  object space 699392K, 43% used [0x0000000780000000,0x0000000792aad130,0x00000007aab00000)
 Metaspace       used 84694K, capacity 85444K, committed 86016K, reserved 1120256K
  class space    used 14974K, capacity 15236K, committed 15360K, reserved 1048576K
}
Event: 119.396 GC heap before
{Heap before GC invocations=23 (full 1):
 PSYoungGen      total 259584K, used 201799K [0x00000007aab00000, 0x00000007c0000000, 0x00000007c0000000)
  eden space 169984K, 100% used [0x00000007aab00000,0x00000007b5100000,0x00000007b5100000)
  from space 89600K, 35% used [0x00000007b5100000,0x00000007b7011fe8,0x00000007ba880000)
  to   space 83968K, 0% used [0x00000007bae00000,0x00000007bae00000,0x00000007c0000000)
 ParOldGen       total 699392K, used 305844K [0x0000000780000000, 0x00000007aab00000, 0x00000007aab00000)
  object space 699392K, 43% used [0x0000000780000000,0x0000000792aad130,0x00000007aab00000)
 Metaspace       used 84694K, capacity 85444K, committed 86016K, reserved 1120256K
  class space    used 14974K, capacity 15236K, committed 15360K, reserved 1048576K
Event: 119.447 GC heap after
Heap after GC invocations=23 (full 1):
 PSYoungGen      total 263168K, used 201K [0x00000007aab00000, 0x00000007c0000000, 0x00000007c0000000)
  eden space 179200K, 0% used [0x00000007aab00000,0x00000007aab00000,0x00000007b5a00000)
  from space 83968K, 0% used [0x00000007bae00000,0x00000007bae32620,0x00000007c0000000)
  to   space 84992K, 0% used [0x00000007b5a00000,0x00000007b5a00000,0x00000007bad00000)
 ParOldGen       total 699392K, used 336105K [0x0000000780000000, 0x00000007aab00000, 0x00000007aab00000)
  object space 699392K, 48% used [0x0000000780000000,0x000000079483a448,0x00000007aab00000)
 Metaspace       used 84694K, capacity 85444K, committed 86016K, reserved 1120256K
  class space    used 14974K, capacity 15236K, committed 15360K, reserved 1048576K
}
Event: 119.505 GC heap before
{Heap before GC invocations=24 (full 1):
 PSYoungGen      total 263168K, used 179263K [0x00000007aab00000, 0x00000007c0000000, 0x00000007c0000000)
  eden space 179200K, 99% used [0x00000007aab00000,0x00000007b59dd6a0,0x00000007b5a00000)
  from space 83968K, 0% used [0x00000007bae00000,0x00000007bae32620,0x00000007c0000000)
  to   space 84992K, 0% used [0x00000007b5a00000,0x00000007b5a00000,0x00000007bad00000)
 ParOldGen       total 699392K, used 336105K [0x0000000780000000, 0x00000007aab00000, 0x00000007aab00000)
  object space 699392K, 48% used [0x0000000780000000,0x000000079483a448,0x00000007aab00000)
 Metaspace       used 84697K, capacity 85444K, committed 86016K, reserved 1120256K
  class space    used 14974K, capacity 15236K, committed 15360K, reserved 1048576K
Event: 119.512 GC heap after
Heap after GC invocations=24 (full 1):
 PSYoungGen      total 264192K, used 177K [0x00000007aab00000, 0x00000007c0000000, 0x00000007c0000000)
  eden space 179200K, 0% used [0x00000007aab00000,0x00000007aab00000,0x00000007b5a00000)
  from space 84992K, 0% used [0x00000007b5a00000,0x00000007b5a2c6e0,0x00000007bad00000)
  to   space 84480K, 0% used [0x00000007bad80000,0x00000007bad80000,0x00000007c0000000)
 ParOldGen       total 699392K, used 336113K [0x0000000780000000, 0x00000007aab00000, 0x00000007aab00000)
  object space 699392K, 48% used [0x0000000780000000,0x000000079483c448,0x00000007aab00000)
 Metaspace       used 84697K, capacity 85444K, committed 86016K, reserved 1120256K
  class space    used 14974K, capacity 15236K, committed 15360K, reserved 1048576K
}
Event: 119.562 GC heap before
{Heap before GC invocations=25 (full 1):
 PSYoungGen      total 264192K, used 179209K [0x00000007aab00000, 0x00000007c0000000, 0x00000007c0000000)
  eden space 179200K, 99% used [0x00000007aab00000,0x00000007b59d5e18,0x00000007b5a00000)
  from space 84992K, 0% used [0x00000007b5a00000,0x00000007b5a2c6e0,0x00000007bad00000)
  to   space 84480K, 0% used [0x00000007bad80000,0x00000007bad80000,0x00000007c0000000)
 ParOldGen       total 699392K, used 336113K [0x0000000780000000, 0x00000007aab00000, 0x00000007aab00000)
  object space 699392K, 48% used [0x0000000780000000,0x000000079483c448,0x00000007aab00000)
 Metaspace       used 84697K, capacity 85444K, committed 86016K, reserved 1120256K
  class space    used 14974K, capacity 15236K, committed 15360K, reserved 1048576K
Event: 119.570 GC heap after
Heap after GC invocations=25 (full 1):
 PSYoungGen      total 265728K, used 209K [0x00000007aab00000, 0x00000007c0000000, 0x00000007c0000000)
  eden space 181248K, 0% used [0x00000007aab00000,0x00000007aab00000,0x00000007b5c00000)
  from space 84480K, 0% used [0x00000007bad80000,0x00000007badb4700,0x00000007c0000000)
  to   space 83456K, 0% used [0x00000007b5c00000,0x00000007b5c00000,0x00000007bad80000)
 ParOldGen       total 699392K, used 336121K [0x0000000780000000, 0x00000007aab00000, 0x00000007aab00000)
  object space 699392K, 48% used [0x0000000780000000,0x000000079483e448,0x00000007aab00000)
 Metaspace       used 84697K, capacity 85444K, committed 86016K, reserved 1120256K
  class space    used 14974K, capacity 15236K, committed 15360K, reserved 1048576K
}

Deoptimization events (10 events):
Event: 575.222 Thread 0x00007fa17c00a000 Uncommon trap: reason=array_check action=maybe_recompile pc=0x000000010bcaf0c8 method=scala.collection.mutable.ArrayBuilder$ofRef.$plus$eq(Ljava/lang/Object;)Lscala/collection/mutable/ArrayBuilder$ofRef; @ 19
Event: 575.267 Thread 0x00007fa17c00a000 Uncommon trap: reason=class_check action=maybe_recompile pc=0x000000010bf1b590 method=scala.collection.mutable.ArrayBuilder$.make(Lscala/reflect/ClassTag;)Lscala/collection/mutable/ArrayBuilder; @ 5
Event: 575.267 Thread 0x00007fa17c00a000 Uncommon trap: reason=class_check action=maybe_recompile pc=0x000000010bf1b590 method=scala.collection.mutable.ArrayBuilder$.make(Lscala/reflect/ClassTag;)Lscala/collection/mutable/ArrayBuilder; @ 5
Event: 575.267 Thread 0x00007fa17c00a000 Uncommon trap: reason=class_check action=maybe_recompile pc=0x000000010bf1b590 method=scala.collection.mutable.ArrayBuilder$.make(Lscala/reflect/ClassTag;)Lscala/collection/mutable/ArrayBuilder; @ 5
Event: 575.267 Thread 0x00007fa17c00a000 Uncommon trap: reason=class_check action=maybe_recompile pc=0x000000010bf1b590 method=scala.collection.mutable.ArrayBuilder$.make(Lscala/reflect/ClassTag;)Lscala/collection/mutable/ArrayBuilder; @ 5
Event: 575.696 Thread 0x00007fa17b44b800 Uncommon trap: reason=class_check action=maybe_recompile pc=0x000000010b21c934 method=scala.collection.mutable.HashTable$class.index(Lscala/collection/mutable/HashTable;I)I @ 1
Event: 575.696 Thread 0x00007fa17b44b800 Uncommon trap: reason=class_check action=maybe_recompile pc=0x000000010b21c934 method=scala.collection.mutable.HashTable$class.index(Lscala/collection/mutable/HashTable;I)I @ 1
Event: 575.696 Thread 0x00007fa17b44b800 Uncommon trap: reason=class_check action=maybe_recompile pc=0x000000010b21c934 method=scala.collection.mutable.HashTable$class.index(Lscala/collection/mutable/HashTable;I)I @ 1
Event: 575.697 Thread 0x00007fa17b44b800 Uncommon trap: reason=class_check action=maybe_recompile pc=0x000000010b21c934 method=scala.collection.mutable.HashTable$class.index(Lscala/collection/mutable/HashTable;I)I @ 1
Event: 575.700 Thread 0x00007fa17b44b800 Uncommon trap: reason=bimorphic action=maybe_recompile pc=0x000000010b067eb4 method=java.io.BufferedOutputStream.flush()V @ 8

Internal exceptions (10 events):
Event: 575.991 Thread 0x00007fa17c9eb800 Exception <a 'java/security/PrivilegedActionException'> (0x00000007b2df2428) thrown at [/Users/java_re/workspace/8-2-build-macosx-x86_64/jdk8u31/2394/hotspot/src/share/vm/prims/jvm.cpp, line 1312]
Event: 575.991 Thread 0x00007fa17c9eb800 Exception <a 'java/security/PrivilegedActionException'> (0x00000007b2df62c8) thrown at [/Users/java_re/workspace/8-2-build-macosx-x86_64/jdk8u31/2394/hotspot/src/share/vm/prims/jvm.cpp, line 1312]
Event: 575.993 Thread 0x00007fa17c9eb800 Exception <a 'java/security/PrivilegedActionException'> (0x00000007b2e059b8) thrown at [/Users/java_re/workspace/8-2-build-macosx-x86_64/jdk8u31/2394/hotspot/src/share/vm/prims/jvm.cpp, line 1312]
Event: 575.993 Thread 0x00007fa17c9eb800 Exception <a 'java/security/PrivilegedActionException'> (0x00000007b2e09fc0) thrown at [/Users/java_re/workspace/8-2-build-macosx-x86_64/jdk8u31/2394/hotspot/src/share/vm/prims/jvm.cpp, line 1312]
Event: 575.994 Thread 0x00007fa17c9eb800 Exception <a 'java/security/PrivilegedActionException'> (0x00000007b2e0cc30) thrown at [/Users/java_re/workspace/8-2-build-macosx-x86_64/jdk8u31/2394/hotspot/src/share/vm/prims/jvm.cpp, line 1312]
Event: 575.994 Thread 0x00007fa17c9eb800 Exception <a 'java/security/PrivilegedActionException'> (0x00000007b2e10fc0) thrown at [/Users/java_re/workspace/8-2-build-macosx-x86_64/jdk8u31/2394/hotspot/src/share/vm/prims/jvm.cpp, line 1312]
Event: 575.996 Thread 0x00007fa17c9eb800 Exception <a 'java/security/PrivilegedActionException'> (0x00000007b2e1f558) thrown at [/Users/java_re/workspace/8-2-build-macosx-x86_64/jdk8u31/2394/hotspot/src/share/vm/prims/jvm.cpp, line 1312]
Event: 575.997 Thread 0x00007fa17c9eb800 Exception <a 'java/security/PrivilegedActionException'> (0x00000007b2e23b58) thrown at [/Users/java_re/workspace/8-2-build-macosx-x86_64/jdk8u31/2394/hotspot/src/share/vm/prims/jvm.cpp, line 1312]
Event: 575.997 Thread 0x00007fa17c9eb800 Exception <a 'java/security/PrivilegedActionException'> (0x00000007b2e26e90) thrown at [/Users/java_re/workspace/8-2-build-macosx-x86_64/jdk8u31/2394/hotspot/src/share/vm/prims/jvm.cpp, line 1312]
Event: 575.997 Thread 0x00007fa17c9eb800 Exception <a 'java/security/PrivilegedActionException'> (0x00000007b2e2b220) thrown at [/Users/java_re/workspace/8-2-build-macosx-x86_64/jdk8u31/2394/hotspot/src/share/vm/prims/jvm.cpp, line 1312]

Events (10 events):
Event: 575.991 loading class models/User
Event: 575.991 loading class models/User done
Event: 575.993 loading class models/Compliments
Event: 575.993 loading class models/Compliments done
Event: 575.994 loading class models/Business
Event: 575.994 loading class models/Business done
Event: 575.996 loading class models/VoteTypes
Event: 575.996 loading class models/VoteTypes done
Event: 575.997 loading class models/Category
Event: 575.997 loading class models/Category done


Dynamic libraries:
0x0000000008556000 	/System/Library/Frameworks/Cocoa.framework/Versions/A/Cocoa
0x0000000008556000 	/System/Library/Frameworks/Security.framework/Versions/A/Security
0x0000000008556000 	/System/Library/Frameworks/ApplicationServices.framework/Versions/A/ApplicationServices
0x0000000008556000 	/usr/lib/libz.1.dylib
0x0000000008556000 	/usr/lib/libSystem.B.dylib
0x0000000008556000 	/usr/lib/libobjc.A.dylib
0x0000000008556000 	/System/Library/Frameworks/CoreFoundation.framework/Versions/A/CoreFoundation
0x0000000008556000 	/System/Library/Frameworks/Foundation.framework/Versions/C/Foundation
0x0000000008556000 	/System/Library/Frameworks/AppKit.framework/Versions/C/AppKit
0x0000000008556000 	/System/Library/Frameworks/CoreData.framework/Versions/A/CoreData
0x0000000008556000 	/System/Library/PrivateFrameworks/RemoteViewServices.framework/Versions/A/RemoteViewServices
0x0000000008556000 	/System/Library/Frameworks/AudioToolbox.framework/Versions/A/AudioToolbox
0x0000000008556000 	/System/Library/Frameworks/AudioUnit.framework/Versions/A/AudioUnit
0x0000000008556000 	/System/Library/PrivateFrameworks/DataDetectorsCore.framework/Versions/A/DataDetectorsCore
0x0000000008556000 	/System/Library/PrivateFrameworks/DesktopServicesPriv.framework/Versions/A/DesktopServicesPriv
0x0000000008556000 	/System/Library/Frameworks/Carbon.framework/Versions/A/Frameworks/HIToolbox.framework/Versions/A/HIToolbox
0x0000000008556000 	/System/Library/Frameworks/QuartzCore.framework/Versions/A/QuartzCore
0x0000000008556000 	/System/Library/Frameworks/Carbon.framework/Versions/A/Frameworks/SpeechRecognition.framework/Versions/A/SpeechRecognition
0x0000000008556000 	/usr/lib/libauto.dylib
0x0000000008556000 	/usr/lib/libicucore.A.dylib
0x0000000008556000 	/usr/lib/libxml2.2.dylib
0x0000000008556000 	/System/Library/PrivateFrameworks/CoreUI.framework/Versions/A/CoreUI
0x0000000008556000 	/System/Library/Frameworks/CoreAudio.framework/Versions/A/CoreAudio
0x0000000008556000 	/System/Library/Frameworks/DiskArbitration.framework/Versions/A/DiskArbitration
0x0000000008556000 	/usr/lib/liblangid.dylib
0x0000000008556000 	/System/Library/PrivateFrameworks/MultitouchSupport.framework/Versions/A/MultitouchSupport
0x0000000008556000 	/System/Library/Frameworks/IOKit.framework/Versions/A/IOKit
0x0000000008556000 	/usr/lib/libDiagnosticMessagesClient.dylib
0x0000000008556000 	/System/Library/Frameworks/CoreServices.framework/Versions/A/CoreServices
0x0000000008556000 	/System/Library/PrivateFrameworks/PerformanceAnalysis.framework/Versions/A/PerformanceAnalysis
0x0000000008556000 	/System/Library/PrivateFrameworks/GenerationalStorage.framework/Versions/A/GenerationalStorage
0x0000000008556000 	/System/Library/Frameworks/OpenGL.framework/Versions/A/OpenGL
0x0000000008556000 	/System/Library/PrivateFrameworks/Sharing.framework/Versions/A/Sharing
0x0000000008556000 	/System/Library/Frameworks/ImageIO.framework/Versions/A/ImageIO
0x0000000008556000 	/System/Library/Frameworks/CoreText.framework/Versions/A/CoreText
0x0000000008556000 	/System/Library/Frameworks/CoreGraphics.framework/Versions/A/CoreGraphics
0x0000000008556000 	/System/Library/PrivateFrameworks/Backup.framework/Versions/A/Backup
0x0000000008556000 	/System/Library/Frameworks/CFNetwork.framework/Versions/A/CFNetwork
0x0000000008556000 	/System/Library/Frameworks/SystemConfiguration.framework/Versions/A/SystemConfiguration
0x0000000008556000 	/usr/lib/libCRFSuite.dylib
0x0000000008556000 	/usr/lib/libc++.1.dylib
0x0000000008556000 	/usr/lib/libc++abi.dylib
0x0000000008556000 	/usr/lib/system/libcache.dylib
0x0000000008556000 	/usr/lib/system/libcommonCrypto.dylib
0x0000000008556000 	/usr/lib/system/libcompiler_rt.dylib
0x0000000008556000 	/usr/lib/system/libcopyfile.dylib
0x0000000008556000 	/usr/lib/system/libcorecrypto.dylib
0x0000000008556000 	/usr/lib/system/libdispatch.dylib
0x0000000008556000 	/usr/lib/system/libdyld.dylib
0x0000000008556000 	/usr/lib/system/libkeymgr.dylib
0x0000000008556000 	/usr/lib/system/liblaunch.dylib
0x0000000008556000 	/usr/lib/system/libmacho.dylib
0x0000000008556000 	/usr/lib/system/libquarantine.dylib
0x0000000008556000 	/usr/lib/system/libremovefile.dylib
0x0000000008556000 	/usr/lib/system/libsystem_asl.dylib
0x0000000008556000 	/usr/lib/system/libsystem_blocks.dylib
0x0000000008556000 	/usr/lib/system/libsystem_c.dylib
0x0000000008556000 	/usr/lib/system/libsystem_configuration.dylib
0x0000000008556000 	/usr/lib/system/libsystem_dnssd.dylib
0x0000000008556000 	/usr/lib/system/libsystem_info.dylib
0x0000000008556000 	/usr/lib/system/libsystem_kernel.dylib
0x0000000008556000 	/usr/lib/system/libsystem_m.dylib
0x0000000008556000 	/usr/lib/system/libsystem_malloc.dylib
0x0000000008556000 	/usr/lib/system/libsystem_network.dylib
0x0000000008556000 	/usr/lib/system/libsystem_notify.dylib
0x0000000008556000 	/usr/lib/system/libsystem_platform.dylib
0x0000000008556000 	/usr/lib/system/libsystem_pthread.dylib
0x0000000008556000 	/usr/lib/system/libsystem_sandbox.dylib
0x0000000008556000 	/usr/lib/system/libsystem_stats.dylib
0x0000000008556000 	/usr/lib/system/libunc.dylib
0x0000000008556000 	/usr/lib/system/libunwind.dylib
0x0000000008556000 	/usr/lib/system/libxpc.dylib
0x0000000008556000 	/usr/lib/libbsm.0.dylib
0x0000000008556000 	/usr/lib/libsqlite3.dylib
0x0000000008556000 	/usr/lib/libxar.1.dylib
0x0000000008556000 	/usr/lib/libpam.2.dylib
0x0000000008556000 	/usr/lib/libOpenScriptingUtil.dylib
0x0000000008556000 	/usr/lib/libbz2.1.0.dylib
0x0000000008556000 	/System/Library/Frameworks/CoreServices.framework/Versions/A/Frameworks/CarbonCore.framework/Versions/A/CarbonCore
0x0000000008556000 	/System/Library/Frameworks/CoreServices.framework/Versions/A/Frameworks/Metadata.framework/Versions/A/Metadata
0x0000000008556000 	/System/Library/Frameworks/CoreServices.framework/Versions/A/Frameworks/OSServices.framework/Versions/A/OSServices
0x0000000008556000 	/System/Library/Frameworks/CoreServices.framework/Versions/A/Frameworks/SearchKit.framework/Versions/A/SearchKit
0x0000000008556000 	/System/Library/Frameworks/CoreServices.framework/Versions/A/Frameworks/AE.framework/Versions/A/AE
0x0000000008556000 	/System/Library/Frameworks/CoreServices.framework/Versions/A/Frameworks/LaunchServices.framework/Versions/A/LaunchServices
0x0000000008556000 	/System/Library/Frameworks/CoreServices.framework/Versions/A/Frameworks/DictionaryServices.framework/Versions/A/DictionaryServices
0x0000000008556000 	/System/Library/Frameworks/NetFS.framework/Versions/A/NetFS
0x0000000008556000 	/usr/lib/system/libkxld.dylib
0x0000000008556000 	/System/Library/PrivateFrameworks/NetAuth.framework/Versions/A/NetAuth
0x0000000008556000 	/System/Library/PrivateFrameworks/TCC.framework/Versions/A/TCC
0x0000000008556000 	/System/Library/Frameworks/OpenDirectory.framework/Versions/A/Frameworks/CFOpenDirectory.framework/Versions/A/CFOpenDirectory
0x0000000008556000 	/System/Library/Frameworks/ServiceManagement.framework/Versions/A/ServiceManagement
0x0000000008556000 	/usr/lib/libxslt.1.dylib
0x0000000008556000 	/System/Library/Frameworks/Carbon.framework/Versions/A/Frameworks/Ink.framework/Versions/A/Ink
0x0000000008556000 	/System/Library/Frameworks/ApplicationServices.framework/Versions/A/Frameworks/ATS.framework/Versions/A/ATS
0x0000000008556000 	/System/Library/Frameworks/ApplicationServices.framework/Versions/A/Frameworks/ColorSync.framework/Versions/A/ColorSync
0x0000000008556000 	/System/Library/Frameworks/ApplicationServices.framework/Versions/A/Frameworks/HIServices.framework/Versions/A/HIServices
0x0000000008556000 	/System/Library/Frameworks/ApplicationServices.framework/Versions/A/Frameworks/LangAnalysis.framework/Versions/A/LangAnalysis
0x0000000008556000 	/System/Library/Frameworks/ApplicationServices.framework/Versions/A/Frameworks/PrintCore.framework/Versions/A/PrintCore
0x0000000008556000 	/System/Library/Frameworks/ApplicationServices.framework/Versions/A/Frameworks/QD.framework/Versions/A/QD
0x0000000008556000 	/System/Library/Frameworks/ApplicationServices.framework/Versions/A/Frameworks/SpeechSynthesis.framework/Versions/A/SpeechSynthesis
0x0000000008556000 	/System/Library/Frameworks/IOSurface.framework/Versions/A/IOSurface
0x0000000008556000 	/System/Library/Frameworks/Accelerate.framework/Versions/A/Accelerate
0x0000000008556000 	/System/Library/Frameworks/Accelerate.framework/Versions/A/Frameworks/vImage.framework/Versions/A/vImage
0x0000000008556000 	/System/Library/Frameworks/Accelerate.framework/Versions/A/Frameworks/vecLib.framework/Versions/A/vecLib
0x0000000008556000 	/System/Library/Frameworks/Accelerate.framework/Versions/A/Frameworks/vecLib.framework/Versions/A/libvDSP.dylib
0x0000000008556000 	/System/Library/Frameworks/Accelerate.framework/Versions/A/Frameworks/vecLib.framework/Versions/A/libvMisc.dylib
0x0000000008556000 	/System/Library/Frameworks/Accelerate.framework/Versions/A/Frameworks/vecLib.framework/Versions/A/libLAPACK.dylib
0x0000000008556000 	/System/Library/Frameworks/Accelerate.framework/Versions/A/Frameworks/vecLib.framework/Versions/A/libBLAS.dylib
0x0000000008556000 	/System/Library/Frameworks/ApplicationServices.framework/Versions/A/Frameworks/ATS.framework/Versions/A/Resources/libFontParser.dylib
0x0000000008556000 	/System/Library/Frameworks/ApplicationServices.framework/Versions/A/Frameworks/ATS.framework/Versions/A/Resources/libFontRegistry.dylib
0x0000000008556000 	/System/Library/Frameworks/ImageIO.framework/Versions/A/Resources/libJPEG.dylib
0x0000000008556000 	/System/Library/Frameworks/ImageIO.framework/Versions/A/Resources/libTIFF.dylib
0x0000000008556000 	/System/Library/Frameworks/ImageIO.framework/Versions/A/Resources/libPng.dylib
0x0000000008556000 	/System/Library/Frameworks/ImageIO.framework/Versions/A/Resources/libGIF.dylib
0x0000000008556000 	/System/Library/Frameworks/ImageIO.framework/Versions/A/Resources/libJP2.dylib
0x0000000008556000 	/System/Library/Frameworks/ImageIO.framework/Versions/A/Resources/libRadiance.dylib
0x0000000008556000 	/usr/lib/libcups.2.dylib
0x0000000008556000 	/System/Library/Frameworks/Kerberos.framework/Versions/A/Kerberos
0x0000000008556000 	/System/Library/Frameworks/GSS.framework/Versions/A/GSS
0x0000000008556000 	/usr/lib/libresolv.9.dylib
0x0000000008556000 	/usr/lib/libiconv.2.dylib
0x0000000008556000 	/System/Library/PrivateFrameworks/Heimdal.framework/Versions/A/Heimdal
0x0000000008556000 	/System/Library/PrivateFrameworks/TrustEvaluationAgent.framework/Versions/A/TrustEvaluationAgent
0x0000000008556000 	/usr/lib/libheimdal-asn1.dylib
0x0000000008556000 	/System/Library/Frameworks/OpenDirectory.framework/Versions/A/OpenDirectory
0x0000000008556000 	/System/Library/PrivateFrameworks/CommonAuth.framework/Versions/A/CommonAuth
0x0000000008556000 	/System/Library/Frameworks/SecurityFoundation.framework/Versions/A/SecurityFoundation
0x0000000008556000 	/System/Library/PrivateFrameworks/Bom.framework/Versions/A/Bom
0x0000000008556000 	/System/Library/Frameworks/CoreVideo.framework/Versions/A/CoreVideo
0x0000000008556000 	/System/Library/Frameworks/QuartzCore.framework/Versions/A/Frameworks/CoreImage.framework/Versions/A/CoreImage
0x0000000008556000 	/System/Library/Frameworks/QuartzCore.framework/Versions/A/Frameworks/ScalableUserInterface.framework/Versions/A/ScalableUserInterface
0x0000000008556000 	/System/Library/Frameworks/OpenGL.framework/Versions/A/Libraries/libGLU.dylib
0x0000000008556000 	/System/Library/Frameworks/OpenGL.framework/Versions/A/Libraries/libGFXShared.dylib
0x0000000008556000 	/System/Library/Frameworks/OpenGL.framework/Versions/A/Libraries/libGL.dylib
0x0000000008556000 	/System/Library/Frameworks/OpenGL.framework/Versions/A/Libraries/libGLImage.dylib
0x0000000008556000 	/System/Library/Frameworks/OpenGL.framework/Versions/A/Libraries/libCVMSPluginSupport.dylib
0x0000000008556000 	/System/Library/Frameworks/OpenGL.framework/Versions/A/Libraries/libCoreVMClient.dylib
0x0000000008556000 	/System/Library/PrivateFrameworks/FaceCore.framework/Versions/A/FaceCore
0x0000000008556000 	/System/Library/PrivateFrameworks/CrashReporterSupport.framework/Versions/A/CrashReporterSupport
0x0000000008556000 	/System/Library/Frameworks/OpenCL.framework/Versions/A/OpenCL
0x0000000008556000 	/System/Library/PrivateFrameworks/AppleFSCompression.framework/Versions/A/AppleFSCompression
0x0000000008556000 	/System/Library/PrivateFrameworks/Ubiquity.framework/Versions/A/Ubiquity
0x0000000008556000 	/System/Library/PrivateFrameworks/IconServices.framework/Versions/A/IconServices
0x0000000008556000 	/System/Library/PrivateFrameworks/ChunkingLibrary.framework/Versions/A/ChunkingLibrary
0x0000000008556000 	/System/Library/PrivateFrameworks/CoreSymbolication.framework/Versions/A/CoreSymbolication
0x0000000008556000 	/System/Library/PrivateFrameworks/Symbolication.framework/Versions/A/Symbolication
0x0000000008556000 	/System/Library/PrivateFrameworks/DebugSymbols.framework/Versions/A/DebugSymbols
0x0000000109e00000 	/Library/Java/JavaVirtualMachines/jdk1.8.0_31.jdk/Contents/Home/jre/lib/server/libjvm.dylib
0x0000000008556000 	/usr/lib/libstdc++.6.dylib
0x00000001095e7000 	/Library/Java/JavaVirtualMachines/jdk1.8.0_31.jdk/Contents/Home/jre/lib/libverify.dylib
0x000000010ae22000 	/Library/Java/JavaVirtualMachines/jdk1.8.0_31.jdk/Contents/Home/jre/lib/libjava.dylib
0x000000010ae56000 	/Library/Java/JavaVirtualMachines/jdk1.8.0_31.jdk/Contents/Home/jre/lib/libzip.dylib
0x000000011e943000 	/System/Library/Frameworks/JavaVM.framework/Frameworks/JavaRuntimeSupport.framework/JavaRuntimeSupport
0x000000011e95b000 	/System/Library/Frameworks/JavaVM.framework/Versions/A/Frameworks/JavaNativeFoundation.framework/Versions/A/JavaNativeFoundation
0x000000011e970000 	/System/Library/Frameworks/JavaVM.framework/Versions/A/JavaVM
0x0000000008556000 	/System/Library/Frameworks/Carbon.framework/Versions/A/Carbon
0x000000011e97d000 	/System/Library/PrivateFrameworks/JavaLaunching.framework/Versions/A/JavaLaunching
0x0000000008556000 	/System/Library/Frameworks/Carbon.framework/Versions/A/Frameworks/CommonPanels.framework/Versions/A/CommonPanels
0x0000000008556000 	/System/Library/Frameworks/Carbon.framework/Versions/A/Frameworks/Help.framework/Versions/A/Help
0x0000000008556000 	/System/Library/Frameworks/Carbon.framework/Versions/A/Frameworks/ImageCapture.framework/Versions/A/ImageCapture
0x0000000008556000 	/System/Library/Frameworks/Carbon.framework/Versions/A/Frameworks/OpenScripting.framework/Versions/A/OpenScripting
0x0000000008556000 	/System/Library/Frameworks/Carbon.framework/Versions/A/Frameworks/Print.framework/Versions/A/Print
0x0000000008556000 	/System/Library/Frameworks/Carbon.framework/Versions/A/Frameworks/SecurityHI.framework/Versions/A/SecurityHI
0x000000011f331000 	/Library/Java/JavaVirtualMachines/jdk1.8.0_31.jdk/Contents/Home/jre/lib/libnet.dylib
0x000000011f348000 	/Library/Java/JavaVirtualMachines/jdk1.8.0_31.jdk/Contents/Home/jre/lib/libnio.dylib
0x00000001219a3000 	/Library/Java/JavaVirtualMachines/jdk1.8.0_31.jdk/Contents/Home/jre/lib/libmanagement.dylib
0x00000001219b0000 	/Users/juancamiloortiz/Documents/Uniandes/2015-10/SistRecomend/SRTaller2/SRTaller2/target/native_libraries/64bits/libjnotify.jnilib
0x000000011f1ce000 	/Library/Java/JavaVirtualMachines/jdk1.8.0_31.jdk/Contents/Home/jre/lib/libsunec.dylib

VM Arguments:
jvm_args: -Dactivator.home=/Users/juancamiloortiz/Documents/Uniandes/2015-10/SistRecomend/SRTaller2/SRTaller2 -Xms1024m -Xmx1024m -XX:MetaspaceSize=64m -XX:MaxMetaspaceSize=256m 
java_command: /Users/juancamiloortiz/Documents/Uniandes/2015-10/SistRecomend/SRTaller2/SRTaller2/activator-launch-1.2.12.jar run
java_class_path (initial): /Users/juancamiloortiz/Documents/Uniandes/2015-10/SistRecomend/SRTaller2/SRTaller2/activator-launch-1.2.12.jar
Launcher Type: SUN_STANDARD

Environment Variables:
PATH=/usr/bin:/bin:/usr/sbin:/sbin:/usr/local/bin:/usr/local/git/bin:/Users/juancamiloortiz/Documents/Uniandes/2015-10/SistRecomend/Taller1/SRT1Eclipse/SRTaller1/activator:./
SHELL=/bin/bash

Signal Handlers:
SIGSEGV: [libjvm.dylib+0x57a0e7], sa_mask[0]=11111111011111110111111111111111, sa_flags=SA_ONSTACK|SA_RESTART|SA_SIGINFO
SIGBUS: [libjvm.dylib+0x57a0e7], sa_mask[0]=11111111011111110111111111111111, sa_flags=SA_RESTART|SA_SIGINFO
SIGFPE: [libjvm.dylib+0x45af24], sa_mask[0]=11111111011111110111111111111111, sa_flags=SA_RESTART|SA_SIGINFO
SIGPIPE: [libjvm.dylib+0x45af24], sa_mask[0]=11111111011111110111111111111111, sa_flags=SA_RESTART|SA_SIGINFO
SIGXFSZ: [libjvm.dylib+0x45af24], sa_mask[0]=11111111011111110111111111111111, sa_flags=SA_RESTART|SA_SIGINFO
SIGILL: [libjvm.dylib+0x45af24], sa_mask[0]=11111111011111110111111111111111, sa_flags=SA_RESTART|SA_SIGINFO
SIGUSR1: SIG_DFL, sa_mask[0]=11011111011111100000000111000110, sa_flags=none
SIGUSR2: [libjvm.dylib+0x45aa42], sa_mask[0]=00000000000000000000000000000000, sa_flags=SA_RESTART|SA_SIGINFO
SIGHUP: [libjvm.dylib+0x459015], sa_mask[0]=11111111011111110111111111111111, sa_flags=SA_RESTART|SA_SIGINFO
SIGINT: [libjvm.dylib+0x459015], sa_mask[0]=11111111011111110111111111111111, sa_flags=SA_RESTART|SA_SIGINFO
SIGTERM: [libjvm.dylib+0x459015], sa_mask[0]=11111111011111110111111111111111, sa_flags=SA_RESTART|SA_SIGINFO
SIGQUIT: [libjvm.dylib+0x459015], sa_mask[0]=11111111011111110111111111111111, sa_flags=SA_RESTART|SA_SIGINFO


---------------  S Y S T E M  ---------------

OS:Bsduname:Darwin 13.4.0 Darwin Kernel Version 13.4.0: Sun Aug 17 19:50:11 PDT 2014; root:xnu-2422.115.4~1/RELEASE_X86_64 x86_64
rlimit: STACK 8192k, CORE 0k, NPROC 709, NOFILE 10240, AS infinity
load average:1.59 1.77 1.81

CPU:total 4 (2 cores per cpu, 2 threads per core) family 6 model 37 stepping 5, cmov, cx8, fxsr, mmx, sse, sse2, sse3, ssse3, sse4.1, sse4.2, popcnt, aes, clmul, ht, tsc, tscinvbit

Memory: 4k page, physical 8388608k(2133116k free)

/proc/meminfo:


vm_info: Java HotSpot(TM) 64-Bit Server VM (25.31-b07) for bsd-amd64 JRE (1.8.0_31-b13), built on Dec 17 2014 20:45:36 by "java_re" with gcc 4.2.1 (Based on Apple Inc. build 5658) (LLVM build 2336.11.00)

time: Sun Apr 12 12:39:59 2015
elapsed time: 576 seconds (0d 0h 9m 36s)

